2025-07-20 05:27:35,072 - INFO - 解析账号: 用户名=kimi01, 邮箱=kimi01@63email.gmns.top, 密码=Tgx123456
2025-07-20 05:27:35,073 - INFO - 解析账号: 用户名=kimi02, 邮箱=kimi02@63email.gmns.top, 密码=Tgx123456
2025-07-20 05:27:35,073 - INFO - 解析账号: 用户名=kimi03, 邮箱=kimi03@63email.gmns.top, 密码=Tgx123456
2025-07-20 05:27:35,073 - INFO - 解析账号: 用户名=kimi04, 邮箱=kimi04@63email.gmns.top, 密码=Tgx123456
2025-07-20 05:27:35,073 - INFO - 解析账号: 用户名=kimi05, 邮箱=kimi05@63email.gmns.top, 密码=Tgx123456
2025-07-20 05:27:35,073 - INFO - 解析账号: 用户名=kimi06, 邮箱=kimi06@63email.gmns.top, 密码=Tgx123456
2025-07-20 05:27:35,074 - INFO - 解析账号: 用户名=kimi07, 邮箱=kimi07@63email.gmns.top, 密码=Tgx123456
2025-07-20 05:27:35,074 - INFO - 解析账号: 用户名=kimi08, 邮箱=kimi08@63email.gmns.top, 密码=Tgx123456
2025-07-20 05:27:35,074 - INFO - 解析账号: 用户名=kimi09, 邮箱=kimi09@63email.gmns.top, 密码=Tgx123456
2025-07-20 05:27:35,074 - INFO - 解析账号: 用户名=kimi10, 邮箱=kimi10@63email.gmns.top, 密码=Tgx123456
2025-07-20 05:27:35,074 - INFO - 解析账号: 用户名=kimi11, 邮箱=kimi11@63email.gmns.top, 密码=Tgx123456
2025-07-20 05:27:35,074 - INFO - 解析账号: 用户名=kimi12, 邮箱=kimi12@63email.gmns.top, 密码=Tgx123456
2025-07-20 05:27:35,074 - INFO - 解析账号: 用户名=kimi13, 邮箱=kimi13@63email.gmns.top, 密码=Tgx123456
2025-07-20 05:27:35,074 - INFO - 解析账号: 用户名=kimi14, 邮箱=kimi14@63email.gmns.top, 密码=Tgx123456
2025-07-20 05:27:35,074 - INFO - 解析账号: 用户名=kimi15, 邮箱=kimi15@63email.gmns.top, 密码=Tgx123456
2025-07-20 05:27:35,074 - INFO - 解析账号: 用户名=kimi16, 邮箱=kimi16@63email.gmns.top, 密码=Tgx123456
2025-07-20 05:27:35,074 - INFO - 解析账号: 用户名=kimi17, 邮箱=kimi17@63email.gmns.top, 密码=Tgx123456
2025-07-20 05:27:35,074 - INFO - 解析账号: 用户名=kimi18, 邮箱=kimi18@63email.gmns.top, 密码=Tgx123456
2025-07-20 05:27:35,075 - INFO - 解析账号: 用户名=kimi19, 邮箱=kimi19@63email.gmns.top, 密码=Tgx123456
2025-07-20 05:27:35,075 - INFO - 解析账号: 用户名=kimi20, 邮箱=kimi20@63email.gmns.top, 密码=Tgx123456
2025-07-20 05:27:35,075 - INFO - 解析账号: 用户名=kimi21, 邮箱=kimi21@63email.gmns.top, 密码=Tgx123456
2025-07-20 05:27:35,075 - INFO - 解析账号: 用户名=kimi22, 邮箱=kimi22@63email.gmns.top, 密码=Tgx123456
2025-07-20 05:27:35,075 - INFO - 解析账号: 用户名=kimi23, 邮箱=kimi23@63email.gmns.top, 密码=Tgx123456
2025-07-20 05:27:35,075 - INFO - 解析账号: 用户名=kimi24, 邮箱=kimi24@63email.gmns.top, 密码=Tgx123456
2025-07-20 05:27:35,075 - INFO - 解析账号: 用户名=kimi25, 邮箱=kimi25@63email.gmns.top, 密码=Tgx123456
2025-07-20 05:27:35,075 - INFO - 解析账号: 用户名=kimi26, 邮箱=kimi26@63email.gmns.top, 密码=Tgx123456
2025-07-20 05:27:35,075 - INFO - 解析账号: 用户名=kimi27, 邮箱=kimi27@63email.gmns.top, 密码=Tgx123456
2025-07-20 05:27:35,075 - INFO - 解析账号: 用户名=kimi28, 邮箱=kimi28@63email.gmns.top, 密码=Tgx123456
2025-07-20 05:27:35,075 - INFO - 解析账号: 用户名=kimi29, 邮箱=kimi29@63email.gmns.top, 密码=Tgx123456
2025-07-20 05:27:35,075 - INFO - 解析账号: 用户名=kimi30, 邮箱=kimi30@63email.gmns.top, 密码=Tgx123456
2025-07-20 05:27:35,076 - INFO - 解析账号: 用户名=kimi31, 邮箱=kimi31@63email.gmns.top, 密码=Tgx123456
2025-07-20 05:27:35,076 - INFO - 解析账号: 用户名=kimi32, 邮箱=kimi32@63email.gmns.top, 密码=Tgx123456
2025-07-20 05:27:35,076 - INFO - 解析账号: 用户名=kimi33, 邮箱=kimi33@63email.gmns.top, 密码=Tgx123456
2025-07-20 05:27:35,076 - INFO - 解析账号: 用户名=kimi34, 邮箱=kimi34@63email.gmns.top, 密码=Tgx123456
2025-07-20 05:27:35,076 - INFO - 解析账号: 用户名=kimi35, 邮箱=kimi35@63email.gmns.top, 密码=Tgx123456
2025-07-20 05:27:35,076 - INFO - 解析账号: 用户名=kimi36, 邮箱=kimi36@63email.gmns.top, 密码=Tgx123456
2025-07-20 05:27:35,076 - INFO - 解析账号: 用户名=kimi37, 邮箱=kimi37@63email.gmns.top, 密码=Tgx123456
2025-07-20 05:27:35,076 - INFO - 解析账号: 用户名=kimi38, 邮箱=kimi38@63email.gmns.top, 密码=Tgx123456
2025-07-20 05:27:35,076 - INFO - 解析账号: 用户名=kimi39, 邮箱=kimi39@63email.gmns.top, 密码=Tgx123456
2025-07-20 05:27:35,076 - INFO - 解析账号: 用户名=kimi40, 邮箱=kimi40@63email.gmns.top, 密码=Tgx123456
2025-07-20 05:27:35,077 - INFO - 解析账号: 用户名=kimi41, 邮箱=kimi41@63email.gmns.top, 密码=Tgx123456
2025-07-20 05:27:35,077 - INFO - 解析账号: 用户名=kimi42, 邮箱=kimi42@63email.gmns.top, 密码=Tgx123456
2025-07-20 05:27:35,077 - INFO - 解析账号: 用户名=kimi43, 邮箱=kimi43@63email.gmns.top, 密码=Tgx123456
2025-07-20 05:27:35,077 - INFO - 解析账号: 用户名=kimi44, 邮箱=kimi44@63email.gmns.top, 密码=Tgx123456
2025-07-20 05:27:35,077 - INFO - 解析账号: 用户名=kimi45, 邮箱=kimi45@63email.gmns.top, 密码=Tgx123456
2025-07-20 05:27:35,077 - INFO - 解析账号: 用户名=kimi46, 邮箱=kimi46@63email.gmns.top, 密码=Tgx123456
2025-07-20 05:27:35,077 - INFO - 解析账号: 用户名=kimi47, 邮箱=kimi47@63email.gmns.top, 密码=Tgx123456
2025-07-20 05:27:35,078 - INFO - 解析账号: 用户名=kimi48, 邮箱=kimi48@63email.gmns.top, 密码=Tgx123456
2025-07-20 05:27:35,078 - INFO - 解析账号: 用户名=kimi49, 邮箱=kimi49@63email.gmns.top, 密码=Tgx123456
2025-07-20 05:27:35,078 - INFO - 解析账号: 用户名=kimi50, 邮箱=kimi50@63email.gmns.top, 密码=Tgx123456
2025-07-20 05:27:35,078 - INFO - 总共找到 50 个邮箱账号
2025-07-20 05:27:35,078 - INFO - 只处理第一个邮箱: kimi01@63email.gmns.top
2025-07-20 05:27:35,078 - INFO - 初始化邮箱: kimi01@63email.gmns.top, 密码: Tgx123456
2025-07-20 05:27:35,078 - INFO - [kimi01@63email.gmns.top] 开始处理邮箱
2025-07-20 05:27:35,078 - INFO - [kimi01@63email.gmns.top] 尝试使用非SSL连接 (143)...
2025-07-20 05:27:35,079 - INFO - [kimi01@63email.gmns.top] 使用密码: Tgx123456
2025-07-20 05:27:35,095 - INFO - [kimi01@63email.gmns.top] 尝试 普通登录...
2025-07-20 05:27:35,096 - WARNING - [kimi01@63email.gmns.top] 普通登录失败: b'LOGIN failed'
2025-07-20 05:27:35,096 - INFO - [kimi01@63email.gmns.top] 尝试 PLAIN认证...
2025-07-20 05:27:35,097 - WARNING - [kimi01@63email.gmns.top] PLAIN认证失败: AUTHENTICATE command error: BAD [b'Command not implemented']
2025-07-20 05:27:35,097 - INFO - [kimi01@63email.gmns.top] 尝试 LOGIN认证...
2025-07-20 05:27:35,098 - WARNING - [kimi01@63email.gmns.top] LOGIN认证失败: AUTHENTICATE command error: BAD [b'Command not implemented']
2025-07-20 05:27:35,098 - INFO - [kimi01@63email.gmns.top] 尝试使用SSL连接 (993)...
2025-07-20 05:27:35,098 - INFO - [kimi01@63email.gmns.top] 使用密码: Tgx123456
2025-07-20 05:27:37,168 - WARNING - [kimi01@63email.gmns.top] SSL连接失败: [WinError 10061] 由于目标计算机积极拒绝，无法连接。
2025-07-20 05:27:37,168 - ERROR - [kimi01@63email.gmns.top] 所有连接和认证方式都失败
2025-07-20 05:27:37,169 - ERROR - [kimi01@63email.gmns.top] 无法连接到邮件服务器，退出轮询
2025-07-20 05:28:34,489 - ERROR - 程序运行出错: name 'sys' is not defined
2025-07-20 05:29:32,029 - INFO - 使用命令行参数: 2014131458@qq.com
2025-07-20 05:29:32,029 - INFO - 初始化邮箱: 2014131458@qq.com, 密码: tgx123456
2025-07-20 05:29:32,029 - INFO - [2014131458@qq.com] 开始处理邮箱
2025-07-20 05:29:32,029 - INFO - [2014131458@qq.com] 尝试使用非SSL连接 (143)...
2025-07-20 05:29:32,030 - INFO - [2014131458@qq.com] 使用密码: tgx123456
2025-07-20 05:29:32,044 - INFO - [2014131458@qq.com] 尝试 普通登录...
2025-07-20 05:29:32,113 - INFO - [2014131458@qq.com] 成功登录 (使用非SSL连接和普通登录)
2025-07-20 05:29:32,113 - INFO - [2014131458@qq.com] 开始邮件轮询，每 5 秒检查一次新邮件...
2025-07-20 05:29:32,114 - ERROR - [2014131458@qq.com] 无法搜索邮件
2025-07-20 05:29:32,116 - ERROR - [2014131458@qq.com] 无法搜索邮件
2025-07-20 05:29:32,116 - INFO - [2014131458@qq.com] 等待 5 秒后再次检查...
2025-07-20 05:29:37,119 - ERROR - [2014131458@qq.com] 无法搜索邮件
2025-07-20 05:29:37,119 - INFO - [2014131458@qq.com] 等待 5 秒后再次检查...
2025-07-20 05:29:42,123 - ERROR - [2014131458@qq.com] 无法搜索邮件
2025-07-20 05:29:42,123 - INFO - [2014131458@qq.com] 等待 5 秒后再次检查...
2025-07-20 05:29:47,126 - ERROR - [2014131458@qq.com] 无法搜索邮件
2025-07-20 05:29:47,126 - INFO - [2014131458@qq.com] 等待 5 秒后再次检查...
2025-07-20 05:29:52,130 - ERROR - [2014131458@qq.com] 无法搜索邮件
2025-07-20 05:29:52,130 - INFO - [2014131458@qq.com] 等待 5 秒后再次检查...
2025-07-20 05:29:57,133 - ERROR - [2014131458@qq.com] 无法搜索邮件
2025-07-20 05:29:57,133 - INFO - [2014131458@qq.com] 等待 5 秒后再次检查...
2025-07-20 05:30:00,879 - INFO - [2014131458@qq.com] 用户中断，停止轮询
2025-07-20 05:30:00,880 - INFO - [2014131458@qq.com] 邮件轮询已停止
2025-07-20 05:34:22,868 - INFO - 使用命令行参数: 2014131458@qq.com
2025-07-20 05:34:22,868 - INFO - 初始化邮箱: 2014131458@qq.com, 密码: tgx123456
2025-07-20 05:34:22,868 - INFO - [2014131458@qq.com] 开始处理邮箱
2025-07-20 05:34:22,868 - INFO - [2014131458@qq.com] 尝试使用非SSL连接 (143)...
2025-07-20 05:34:22,868 - INFO - [2014131458@qq.com] 使用密码: tgx123456
2025-07-20 05:34:22,884 - INFO - [2014131458@qq.com] 尝试 普通登录...
2025-07-20 05:34:22,983 - INFO - [2014131458@qq.com] 成功登录 (使用非SSL连接和普通登录)
2025-07-20 05:34:22,983 - INFO - [2014131458@qq.com] 开始邮件轮询，每 5 秒检查一次新邮件...
2025-07-20 05:34:22,985 - INFO - [2014131458@qq.com] 发现 9 封新邮件
2025-07-20 05:34:22,986 - INFO - [2014131458@qq.com] 没有新邮件
2025-07-20 05:34:22,986 - INFO - [2014131458@qq.com] 等待 5 秒后再次检查...
2025-07-20 05:34:27,990 - INFO - [2014131458@qq.com] 没有新邮件
2025-07-20 05:34:27,990 - INFO - [2014131458@qq.com] 等待 5 秒后再次检查...
2025-07-20 05:34:32,995 - INFO - [2014131458@qq.com] 没有新邮件
2025-07-20 05:34:32,996 - INFO - [2014131458@qq.com] 等待 5 秒后再次检查...
2025-07-20 05:34:37,999 - INFO - [2014131458@qq.com] 没有新邮件
2025-07-20 05:34:37,999 - INFO - [2014131458@qq.com] 等待 5 秒后再次检查...
2025-07-20 05:34:43,003 - INFO - [2014131458@qq.com] 没有新邮件
2025-07-20 05:34:43,003 - INFO - [2014131458@qq.com] 等待 5 秒后再次检查...
2025-07-20 05:34:48,006 - INFO - [2014131458@qq.com] 没有新邮件
2025-07-20 05:34:48,007 - INFO - [2014131458@qq.com] 等待 5 秒后再次检查...
2025-07-20 05:34:53,010 - INFO - [2014131458@qq.com] 没有新邮件
2025-07-20 05:34:53,011 - INFO - [2014131458@qq.com] 等待 5 秒后再次检查...
2025-07-20 05:34:58,014 - INFO - [2014131458@qq.com] 没有新邮件
2025-07-20 05:34:58,014 - INFO - [2014131458@qq.com] 等待 5 秒后再次检查...
2025-07-20 05:35:03,018 - INFO - [2014131458@qq.com] 没有新邮件
2025-07-20 05:35:03,042 - INFO - [2014131458@qq.com] 等待 5 秒后再次检查...
2025-07-20 05:35:08,051 - INFO - [2014131458@qq.com] 没有新邮件
2025-07-20 05:35:08,052 - INFO - [2014131458@qq.com] 等待 5 秒后再次检查...
2025-07-20 05:35:08,940 - INFO - [2014131458@qq.com] 用户中断，停止轮询
2025-07-20 05:35:08,942 - INFO - [2014131458@qq.com] 邮件轮询已停止
